<?xml version="1.0" encoding="UTF-8"?>
<testsuite xmlns:xsi="http://www.w3.org/2001/XMLSchema-instance" xsi:noNamespaceSchemaLocation="https://maven.apache.org/surefire/maven-surefire-plugin/xsd/surefire-test-report-3.0.xsd" version="3.0" name="com.mycompany.junittestingmain.GraderTest" time="0.04" tests="6" errors="0" skipped="0" failures="0">
  <properties>
    <property name="java.specification.version" value="22"/>
    <property name="sun.cpu.isalist" value="amd64"/>
    <property name="sun.jnu.encoding" value="Cp1252"/>
    <property name="java.class.path" value="C:\users\gavan\desktop\netbeansprojects\junittestingmain\target\test-classes;C:\users\gavan\desktop\netbeansprojects\junittestingmain\target\classes;C:\Users\gavan\.m2\repository\org\junit\jupiter\junit-jupiter-api\5.10.3\junit-jupiter-api-5.10.3.jar;C:\Users\gavan\.m2\repository\org\opentest4j\opentest4j\1.3.0\opentest4j-1.3.0.jar;C:\Users\gavan\.m2\repository\org\junit\platform\junit-platform-commons\1.10.3\junit-platform-commons-1.10.3.jar;C:\Users\gavan\.m2\repository\org\apiguardian\apiguardian-api\1.1.2\apiguardian-api-1.1.2.jar;C:\Users\gavan\.m2\repository\org\junit\jupiter\junit-jupiter-params\5.10.3\junit-jupiter-params-5.10.3.jar;C:\Users\gavan\.m2\repository\org\junit\jupiter\junit-jupiter-engine\5.10.3\junit-jupiter-engine-5.10.3.jar;C:\Users\gavan\.m2\repository\org\junit\platform\junit-platform-engine\1.10.3\junit-platform-engine-1.10.3.jar;"/>
    <property name="java.vm.vendor" value="Oracle Corporation"/>
    <property name="sun.arch.data.model" value="64"/>
    <property name="user.variant" value=""/>
    <property name="java.vendor.url" value="https://java.oracle.com/"/>
    <property name="user.timezone" value="Europe/Dublin"/>
    <property name="os.name" value="Windows 11"/>
    <property name="java.vm.specification.version" value="22"/>
    <property name="sun.java.launcher" value="SUN_STANDARD"/>
    <property name="user.country" value="IE"/>
    <property name="sun.boot.library.path" value="C:\Program Files\java\jdk-22\bin"/>
    <property name="sun.java.command" value="C:\cygwin64\tmp\surefire17846979056144526337\surefirebooter-20250308202923360_3.jar C:\cygwin64\tmp\surefire17846979056144526337 2025-03-08T20-29-23_292-jvmRun1 surefire-20250308202923360_1tmp surefire_0-20250308202923360_2tmp"/>
    <property name="jdk.debug" value="release"/>
    <property name="surefire.test.class.path" value="C:\users\gavan\desktop\netbeansprojects\junittestingmain\target\test-classes;C:\users\gavan\desktop\netbeansprojects\junittestingmain\target\classes;C:\Users\gavan\.m2\repository\org\junit\jupiter\junit-jupiter-api\5.10.3\junit-jupiter-api-5.10.3.jar;C:\Users\gavan\.m2\repository\org\opentest4j\opentest4j\1.3.0\opentest4j-1.3.0.jar;C:\Users\gavan\.m2\repository\org\junit\platform\junit-platform-commons\1.10.3\junit-platform-commons-1.10.3.jar;C:\Users\gavan\.m2\repository\org\apiguardian\apiguardian-api\1.1.2\apiguardian-api-1.1.2.jar;C:\Users\gavan\.m2\repository\org\junit\jupiter\junit-jupiter-params\5.10.3\junit-jupiter-params-5.10.3.jar;C:\Users\gavan\.m2\repository\org\junit\jupiter\junit-jupiter-engine\5.10.3\junit-jupiter-engine-5.10.3.jar;C:\Users\gavan\.m2\repository\org\junit\platform\junit-platform-engine\1.10.3\junit-platform-engine-1.10.3.jar;"/>
    <property name="sun.cpu.endian" value="little"/>
    <property name="user.home" value="C:\Users\gavan"/>
    <property name="user.language" value="en"/>
    <property name="sun.stderr.encoding" value="UTF-8"/>
    <property name="java.specification.vendor" value="Oracle Corporation"/>
    <property name="java.version.date" value="2024-07-16"/>
    <property name="java.home" value="C:\Program Files\java\jdk-22"/>
    <property name="file.separator" value="\"/>
    <property name="basedir" value="C:\users\gavan\desktop\netbeansprojects\junittestingmain"/>
    <property name="java.vm.compressedOopsMode" value="Zero based"/>
    <property name="sun.stdout.encoding" value="UTF-8"/>
    <property name="line.separator" value="&#10;"/>
    <property name="java.vm.specification.vendor" value="Oracle Corporation"/>
    <property name="java.specification.name" value="Java Platform API Specification"/>
    <property name="surefire.real.class.path" value="C:\cygwin64\tmp\surefire17846979056144526337\surefirebooter-20250308202923360_3.jar"/>
    <property name="user.script" value=""/>
    <property name="sun.management.compiler" value="HotSpot 64-Bit Tiered Compilers"/>
    <property name="java.runtime.version" value="22.0.2+9-70"/>
    <property name="user.name" value="gavan"/>
    <property name="stdout.encoding" value="UTF-8"/>
    <property name="path.separator" value=";"/>
    <property name="os.version" value="10.0"/>
    <property name="java.runtime.name" value="Java(TM) SE Runtime Environment"/>
    <property name="file.encoding" value="UTF-8"/>
    <property name="java.vm.name" value="Java HotSpot(TM) 64-Bit Server VM"/>
    <property name="localRepository" value="C:\Users\gavan\.m2\repository"/>
    <property name="java.vendor.url.bug" value="https://bugreport.java.com/bugreport/"/>
    <property name="java.io.tmpdir" value="C:\cygwin64\tmp\"/>
    <property name="java.version" value="22.0.2"/>
    <property name="user.dir" value="C:\Users\gavan\Desktop\NetbeansProjects\JUnitTestingMain"/>
    <property name="os.arch" value="amd64"/>
    <property name="java.vm.specification.name" value="Java Virtual Machine Specification"/>
    <property name="sun.os.patch.level" value=""/>
    <property name="console.encoding" value="UTF-8"/>
    <property name="native.encoding" value="Cp1252"/>
    <property name="java.library.path" value="C:\Program Files\java\jdk-22\bin;C:\WINDOWS\Sun\Java\bin;C:\WINDOWS\system32;C:\WINDOWS;C:\cygwin64\usr\local\bin;C:\cygwin64\bin;C:\cygwin64\bin;C:\Program Files\Common Files\Oracle\Java\javapath;C:\Program Files\Git\usr\local\bin;C:\Program Files\Eclipse Adoptium\jdk-11.0.20.8-hotspot\bin;C:\Program Files\Git\bin;C:\Python312\Scripts;C:\Python312;C:\WINDOWS\system32;C:\WINDOWS;C:\WINDOWS\System32\Wbem;C:\WINDOWS\System32\WindowsPowerShell\v1.0;C:\WINDOWS\System32\OpenSSH;C:\Program Files (x86)\NVIDIA Corporation\PhysX\Common;C:\Program Files\NVIDIA Corporation\NVIDIA NvDLISR;C:\ProgramData\chocolatey\bin;C:\Program Files\Git\cmd;C:\MinGW\bin;C:\Program Files\java\openjdk\bin;C:\Users\gavan\AppData\Roaming\nvm;C:\Program Files\nodejs;C:\Program Files\dotnet;C:\Program Files\PuTTY;C:\apache-maven-3.9.9\bin;C:\Users\gavan\AppData\Local\Microsoft\WindowsApps;C:\Users\gavan\AppData\Local\Programs\Microsoft VS Code\bin;C:\Users\gavan\AppData\Roaming\npm;C:\Users\gavan\AppData\Roaming\nvm;C:\Program Files\nodejs;C:\Users\gavan\AppData\Local\GitHubDesktop\bin;C:\Users\gavan\AppData\Local\Muse Hub\lib;."/>
    <property name="java.vm.info" value="mixed mode, sharing"/>
    <property name="stderr.encoding" value="UTF-8"/>
    <property name="java.vendor" value="Oracle Corporation"/>
    <property name="java.vm.version" value="22.0.2+9-70"/>
    <property name="sun.io.unicode.encoding" value="UnicodeLittle"/>
    <property name="java.class.version" value="66.0"/>
  </properties>
  <testcase name="sixtyNineShouldReturnD" classname="com.mycompany.junittestingmain.GraderTest" time="0.014"/>
  <testcase name="oneHundredShouldReturnA" classname="com.mycompany.junittestingmain.GraderTest" time="0.001"/>
  <testcase name="eightyNineShouldReturnC" classname="com.mycompany.junittestingmain.GraderTest" time="0.0"/>
  <testcase name="sixtyShouldReturnD" classname="com.mycompany.junittestingmain.GraderTest" time="0.0"/>
  <testcase name="seventyNineShouldReturnC" classname="com.mycompany.junittestingmain.GraderTest" time="0.001"/>
  <testcase name="fiftyNineShouldReturnF" classname="com.mycompany.junittestingmain.GraderTest" time="0.001"/>
</testsuite>